<?xml version="1.0" encoding="UTF-8"?>
<!-- Generated by org.testng.reporters.JUnitReportReporter -->
<testsuite hostname="DESKTOP-ARG63A3" failures="0" tests="2" name="TestRunner.TestRunnerForCucumberTags" time="0.234" errors="0" timestamp="2025-01-02T13:11:51 IST" skipped="0">
  <testcase classname="TestRunner.TestRunnerForCucumberTags" name="runScenario" time="0.201"/>
  <testcase classname="TestRunner.TestRunnerForCucumberTags" name="runScenario" time="0.033"/>
</testsuite> <!-- TestRunner.TestRunnerForCucumberTags -->
