<?xml version="1.0" encoding="UTF-8"?>
<!-- Generated by org.testng.reporters.JUnitReportReporter -->
<testsuite hostname="DESKTOP-ARG63A3" failures="0" tests="1" name="TestRunner.TestRunner" time="7.706" errors="0" timestamp="2025-01-02T15:33:09 IST" skipped="0">
  <testcase classname="TestRunner.TestRunner" name="runScenario" time="7.706"/>
</testsuite> <!-- TestRunner.TestRunner -->
